<?xml version="1.0" encoding="UTF-8"?>
<!-- Generated by org.testng.reporters.JUnitReportReporter -->
<testsuite hostname="CTAADPG02X3FK" failures="0" tests="1" name="Apps.MyWebApp" time="7.864" errors="0" timestamp="2023-06-23T12:32:13 IST" skipped="0">
  <testcase classname="Apps.MyWebApp" name="verifyTitle" time="7.864"/>
  <system-out/>
</testsuite> <!-- Apps.MyWebApp -->
